<?xml version="1.0" encoding="UTF-8"?>
<coverage generated="1376525005">
  <project timestamp="1376525005">
    <package name="Eloquent\Liftoff\Console">
      <file name="/home/travis/build/eloquent/liftoff/src/Eloquent/Liftoff/Console/LiftoffApplication.php">
        <class name="LiftoffApplication" namespace="Eloquent\Liftoff\Console">
          <metrics methods="7" coveredmethods="7" conditionals="0" coveredconditionals="0" statements="38" coveredstatements="38" elements="45" coveredelements="45"/>
        </class>
        <line num="32" type="method" name="__construct" crap="2" count="10"/>
        <line num="36" type="stmt" count="10"/>
        <line num="37" type="stmt" count="1"/>
        <line num="38" type="stmt" count="1"/>
        <line num="40" type="stmt" count="10"/>
        <line num="41" type="stmt" count="10"/>
        <line num="42" type="stmt" count="10"/>
        <line num="49" type="method" name="launcher" crap="1" count="4"/>
        <line num="51" type="stmt" count="4"/>
        <line num="60" type="method" name="execute" crap="7" count="8"/>
        <line num="62" type="stmt" count="8"/>
        <line num="63" type="stmt" count="1"/>
        <line num="64" type="stmt" count="1"/>
        <line num="66" type="stmt" count="8"/>
        <line num="67" type="stmt" count="7"/>
        <line num="68" type="stmt" count="1"/>
        <line num="71" type="stmt" count="6"/>
        <line num="72" type="stmt" count="6"/>
        <line num="73" type="stmt" count="6"/>
        <line num="74" type="stmt" count="2"/>
        <line num="76" type="stmt" count="2"/>
        <line num="78" type="stmt" count="4"/>
        <line num="79" type="stmt" count="4"/>
        <line num="80" type="stmt" count="2"/>
        <line num="82" type="stmt" count="2"/>
        <line num="83" type="stmt" count="2"/>
        <line num="85" type="stmt" count="2"/>
        <line num="86" type="stmt" count="2"/>
        <line num="91" type="method" name="executeLaunch" crap="1" count="2"/>
        <line num="93" type="stmt" count="2"/>
        <line num="94" type="stmt" count="2"/>
        <line num="96" type="method" name="executeUsage" crap="1" count="2"/>
        <line num="98" type="stmt" count="2"/>
        <line num="99" type="stmt" count="2"/>
        <line num="101" type="method" name="executeVersion" crap="1" count="2"/>
        <line num="103" type="stmt" count="2"/>
        <line num="104" type="stmt" count="2"/>
        <line num="111" type="method" name="arguments" crap="3" count="8"/>
        <line num="114" type="stmt" count="8"/>
        <line num="115" type="stmt" count="7"/>
        <line num="116" type="stmt" count="8"/>
        <line num="117" type="stmt" count="1"/>
        <line num="120" type="stmt" count="7"/>
        <line num="121" type="stmt" count="7"/>
        <line num="123" type="stmt" count="7"/>
        <line num="129" type="stmt" count="0"/>
        <metrics loc="128" ncloc="92" classes="1" methods="7" coveredmethods="7" conditionals="0" coveredconditionals="0" statements="38" coveredstatements="38" elements="45" coveredelements="45"/>
      </file>
    </package>
    <package name="Eloquent\Liftoff\Exception">
      <file name="/home/travis/build/eloquent/liftoff/src/Eloquent/Liftoff/Exception/LaunchException.php">
        <class name="LaunchException" namespace="Eloquent\Liftoff\Exception">
          <metrics methods="2" coveredmethods="2" conditionals="0" coveredconditionals="0" statements="7" coveredstatements="7" elements="9" coveredelements="9"/>
        </class>
        <line num="28" type="method" name="__construct" crap="1" count="1"/>
        <line num="30" type="stmt" count="1"/>
        <line num="32" type="stmt" count="1"/>
        <line num="33" type="stmt" count="1"/>
        <line num="34" type="stmt" count="1"/>
        <line num="36" type="stmt" count="1"/>
        <line num="37" type="stmt" count="1"/>
        <line num="44" type="method" name="target" crap="1" count="1"/>
        <line num="46" type="stmt" count="1"/>
        <line num="51" type="stmt" count="1"/>
        <metrics loc="50" ncloc="28" classes="1" methods="2" coveredmethods="2" conditionals="0" coveredconditionals="0" statements="7" coveredstatements="7" elements="9" coveredelements="9"/>
      </file>
    </package>
    <package name="Eloquent\Liftoff">
      <file name="/home/travis/build/eloquent/liftoff/src/Eloquent/Liftoff/Launcher.php">
        <class name="Launcher" namespace="Eloquent\Liftoff">
          <metrics methods="6" coveredmethods="6" conditionals="0" coveredconditionals="0" statements="46" coveredstatements="46" elements="52" coveredelements="52"/>
        </class>
        <line num="26" type="method" name="__construct" crap="1" count="7"/>
        <line num="28" type="stmt" count="7"/>
        <line num="29" type="stmt" count="7"/>
        <line num="41" type="method" name="launch" crap="4" count="7"/>
        <line num="43" type="stmt" count="7"/>
        <line num="44" type="stmt" count="4"/>
        <line num="45" type="stmt" count="4"/>
        <line num="47" type="stmt" count="7"/>
        <line num="49" type="stmt" count="7"/>
        <line num="50" type="stmt" count="2"/>
        <line num="51" type="stmt" count="7"/>
        <line num="52" type="stmt" count="2"/>
        <line num="53" type="stmt" count="2"/>
        <line num="54" type="stmt" count="3"/>
        <line num="56" type="stmt" count="6"/>
        <line num="64" type="method" name="launchOsx" crap="2" count="2"/>
        <line num="66" type="stmt" count="2"/>
        <line num="67" type="stmt" count="1"/>
        <line num="68" type="stmt" count="1"/>
        <line num="69" type="stmt" count="2"/>
        <line num="71" type="stmt" count="2"/>
        <line num="72" type="stmt" count="2"/>
        <line num="80" type="method" name="launchUnix" crap="1" count="3"/>
        <line num="82" type="stmt" count="3"/>
        <line num="84" type="stmt" count="3"/>
        <line num="85" type="stmt" count="2"/>
        <line num="93" type="method" name="launchWindows" crap="1" count="2"/>
        <line num="95" type="stmt" count="2"/>
        <line num="97" type="stmt" count="2"/>
        <line num="98" type="stmt" count="2"/>
        <line num="106" type="method" name="launchCommand" crap="3" count="7"/>
        <line num="108" type="stmt" count="7"/>
        <line num="109" type="stmt" count="7"/>
        <line num="110" type="stmt" count="7"/>
        <line num="111" type="stmt" count="7"/>
        <line num="112" type="stmt" count="7"/>
        <line num="113" type="stmt" count="7"/>
        <line num="114" type="stmt" count="7"/>
        <line num="116" type="stmt" count="7"/>
        <line num="117" type="stmt" count="7"/>
        <line num="119" type="stmt" count="7"/>
        <line num="120" type="stmt" count="7"/>
        <line num="121" type="stmt" count="7"/>
        <line num="122" type="stmt" count="7"/>
        <line num="124" type="stmt" count="7"/>
        <line num="125" type="stmt" count="7"/>
        <line num="126" type="stmt" count="1"/>
        <line num="129" type="stmt" count="6"/>
        <line num="130" type="stmt" count="6"/>
        <line num="131" type="stmt" count="6"/>
        <line num="132" type="stmt" count="6"/>
        <line num="133" type="stmt" count="6"/>
        <line num="137" type="stmt" count="0"/>
        <metrics loc="136" ncloc="86" classes="1" methods="6" coveredmethods="6" conditionals="0" coveredconditionals="0" statements="46" coveredstatements="46" elements="52" coveredelements="52"/>
      </file>
    </package>
    <file name="/home/travis/build/eloquent/liftoff/src/Eloquent/Liftoff/LauncherInterface.php">
      <line num="31" type="stmt" count="0"/>
      <metrics loc="30" ncloc="9" classes="0" methods="0" coveredmethods="0" conditionals="0" coveredconditionals="0" statements="0" coveredstatements="0" elements="0" coveredelements="0"/>
    </file>
    <metrics files="4" loc="344" ncloc="215" classes="3" methods="15" coveredmethods="15" conditionals="0" coveredconditionals="0" statements="91" coveredstatements="91" elements="106" coveredelements="106"/>
  </project>
</coverage>
