<?xml version="1.0" encoding="UTF-8"?>
<testsuites>
  <testsuite name="" tests="18" assertions="48" failures="0" errors="0" time="0.350226">
    <testsuite name="Eloquent\Liftoff\Console\LiftoffApplicationTest" file="/home/travis/build/eloquent/liftoff/test/suite/Eloquent/Liftoff/Console/LiftoffApplicationTest.php" namespace="Eloquent\Liftoff\Console" fullPackage="Eloquent.Liftoff.Console" tests="10" assertions="12" failures="0" errors="0" time="0.132812">
      <testcase name="testConstructor" class="Eloquent\Liftoff\Console\LiftoffApplicationTest" file="/home/travis/build/eloquent/liftoff/test/suite/Eloquent/Liftoff/Console/LiftoffApplicationTest.php" line="32" assertions="1" time="0.066696"/>
      <testcase name="testConstructorDefaults" class="Eloquent\Liftoff\Console\LiftoffApplicationTest" file="/home/travis/build/eloquent/liftoff/test/suite/Eloquent/Liftoff/Console/LiftoffApplicationTest.php" line="37" assertions="1" time="0.006944"/>
      <testcase name="testExecute" class="Eloquent\Liftoff\Console\LiftoffApplicationTest" file="/home/travis/build/eloquent/liftoff/test/suite/Eloquent/Liftoff/Console/LiftoffApplicationTest.php" line="47" assertions="1" time="0.008156"/>
      <testcase name="testExecuteWithDefaultVariables" class="Eloquent\Liftoff\Console\LiftoffApplicationTest" file="/home/travis/build/eloquent/liftoff/test/suite/Eloquent/Liftoff/Console/LiftoffApplicationTest.php" line="66" assertions="1" time="0.007722"/>
      <testcase name="testExecuteUsageShort" class="Eloquent\Liftoff\Console\LiftoffApplicationTest" file="/home/travis/build/eloquent/liftoff/test/suite/Eloquent/Liftoff/Console/LiftoffApplicationTest.php" line="86" assertions="1" time="0.007573"/>
      <testcase name="testExecuteUsageLong" class="Eloquent\Liftoff\Console\LiftoffApplicationTest" file="/home/travis/build/eloquent/liftoff/test/suite/Eloquent/Liftoff/Console/LiftoffApplicationTest.php" line="102" assertions="1" time="0.007548"/>
      <testcase name="testVersionUsageShort" class="Eloquent\Liftoff\Console\LiftoffApplicationTest" file="/home/travis/build/eloquent/liftoff/test/suite/Eloquent/Liftoff/Console/LiftoffApplicationTest.php" line="118" assertions="1" time="0.007511"/>
      <testcase name="testVersionUsageLong" class="Eloquent\Liftoff\Console\LiftoffApplicationTest" file="/home/travis/build/eloquent/liftoff/test/suite/Eloquent/Liftoff/Console/LiftoffApplicationTest.php" line="134" assertions="1" time="0.007657"/>
      <testcase name="testExecuteFailureBadVariables" class="Eloquent\Liftoff\Console\LiftoffApplicationTest" file="/home/travis/build/eloquent/liftoff/test/suite/Eloquent/Liftoff/Console/LiftoffApplicationTest.php" line="150" assertions="2" time="0.007676"/>
      <testcase name="testExecuteFailureNoArguments" class="Eloquent\Liftoff\Console\LiftoffApplicationTest" file="/home/travis/build/eloquent/liftoff/test/suite/Eloquent/Liftoff/Console/LiftoffApplicationTest.php" line="159" assertions="2" time="0.005329"/>
    </testsuite>
    <testsuite name="Eloquent\Liftoff\Exception\LauncherTest" file="/home/travis/build/eloquent/liftoff/test/suite/Eloquent/Liftoff/Exception/LaunchExceptionTest.php" namespace="Eloquent\Liftoff\Exception" fullPackage="Eloquent.Liftoff.Exception" tests="1" assertions="4" failures="0" errors="0" time="0.004352">
      <testcase name="testException" class="Eloquent\Liftoff\Exception\LauncherTest" file="/home/travis/build/eloquent/liftoff/test/suite/Eloquent/Liftoff/Exception/LaunchExceptionTest.php" line="19" assertions="4" time="0.004352"/>
    </testsuite>
    <testsuite name="Eloquent\Liftoff\LauncherTest" file="/home/travis/build/eloquent/liftoff/test/suite/Eloquent/Liftoff/LauncherTest.php" namespace="Eloquent\Liftoff" fullPackage="Eloquent.Liftoff" tests="7" assertions="32" failures="0" errors="0" time="0.213061">
      <testsuite name="Eloquent\Liftoff\LauncherTest::testLaunch" tests="6" assertions="30" failures="0" errors="0" time="0.206651">
        <testcase name="testLaunch with data set &quot;OSX&quot;" assertions="5" time="0.034274"/>
        <testcase name="testLaunch with data set &quot;OSX with arguments&quot;" assertions="5" time="0.032678"/>
        <testcase name="testLaunch with data set &quot;Windows&quot;" assertions="5" time="0.035739"/>
        <testcase name="testLaunch with data set &quot;Windows with arguments&quot;" assertions="5" time="0.035476"/>
        <testcase name="testLaunch with data set &quot;Unix&quot;" assertions="5" time="0.035505"/>
        <testcase name="testLaunch with data set &quot;Unix with arguments&quot;" assertions="5" time="0.032979"/>
      </testsuite>
      <testcase name="testLaunchFailure" class="Eloquent\Liftoff\LauncherTest" file="/home/travis/build/eloquent/liftoff/test/suite/Eloquent/Liftoff/LauncherTest.php" line="70" assertions="2" time="0.006410"/>
    </testsuite>
  </testsuite>
</testsuites>
